202209141104 170.2397 -21.1908
202209140508 -168.815 -16.8505
202209110906 -178.9445 -20.9751
202209080736 20.0661 37.9028
202209071809 101.4714 -3.1959
202209022239 148.709 -5.6569
202208312145 175.5976 -21.5595
202208311010 26.8473 37.5527
202208291810 -179.1849 -32.6705
202208290329 98.6064 -0.9922
202208282234 98.6445 -1.0408
202208281848 -176.9899 -21.7582
202208231841 161.3689 -62.1906
202208231431 103.0826 -5.0735
202208220836 115.5827 -9.0889
202208180746 124.3646 0.3532
202208171256 125.4709 -7.007
202208160709 158.6162 -54.7905
202208142104 170.966 -22.0781
202208141344 -179.0088 -32.7361
202208140311 167.1025 -15.7905
202208131857 147.3006 -5.9806
202208131302 167.1284 -15.8418
202208091259 129.9544 -6.7235
202208080537 151.7365 -5.5087
202208050438 -177.6858 -30.3148
202208022111 -178.1483 -18.1856
202207311342 63.5694 25.1448
202207292305 160.9755 51.1629
202207281828 146.7654 -7.0524
202207270936 -173.8095 -18.7923
202207231609 55.3786 26.9667
202207221131 169.2669 -20.042
202207181840 6.214 78.5816
202207141750 166.9262 -15.0115
202206250337 54.2683 26.7341
202206240949 -143.7625 -56.5304
202206230204 149.8333 -9.4793
202206220501 120.4333 -7.3221
202206212054 69.4639 33.0203
202206151156 -130.1124 44.5381
202206150606 54.212 26.6789
202206140909 147.078 -5.4918
202206102307 -179.621 -35.0476
202206080532 118.5386 -2.7693
202206071324 123.6638 0.1487
202206042338 178.2682 52.0536
202206021216 -144.0316 -55.9982
202205270236 127.2079 -8.2572
202205261537 172.1298 -22.8282
202205231926 167.4955 -17.0791
202205220706 178.4501 -26.2125
202205210701 0.585 84.2375
202205201235 -3.4789 35.5176
202205180627 178.7167 51.1004
202205170144 177.7725 -56.4633
202205161858 102.0088 -5.2399
202205101318 167.632 -17.2457
202205092233 146.3506 -3.3591
202205052015 167.6793 -17.3758
202205011250 155.6883 -7.0256
202204281321 146.6901 -3.9148
202204222107 18.1803 43.0742
202204201913 153.8899 -61.1837
202204200513 170.8458 -22.8364
202204190433 -173.8111 -21.501
202204182333 162.8021 -11.267
202204170746 167.8457 -15.7044
202204140703 -175.3693 -25.2026
202204130300 152.0242 -4.4297
202204111915 -177.1805 -16.7729
202204092052 166.8601 -16.3146
202204061527 -176.3672 -26.9954
202204060529 94.3078 7.423
202204041606 167.8625 -17.4723
202204021845 170.5432 -22.688
202204021045 170.5385 -22.6591
202204020415 170.517 -22.8857
202203311950 170.8084 -22.6577
202203302056 170.3659 -22.666
202203291713 -104.3584 15.2452
202203270050 66.1762 -13.8073
202203232157 167.4522 -15.0687
202203201810 -177.3532 -28.659
202203192124 -176.2998 -25.2976
202203162315 54.5843 27.0219
202203081714 145.7713 -54.139
202203070534 -178.4045 -20.3752
202203051202 95.0249 4.6517
202203031440 -95.4044 18.2008
202203022253 152.2405 -4.9697
202203021252 -177.7264 -30.0751
202203010622 -175.8414 -27.1718
202202250139 100.1006 0.219
202202221044 -173.9733 -16.1151
202202212324 165.3918 -69.7739
202202211622 120.7908 -8.0904
202202211235 120.6211 -8.2068
202202191646 -142.9303 -56.6309
202202172150 -179.277 -29.9622
202202162021 179.9981 -23.7682
202202142028 -14.3853 70.7114
202202130821 126.2631 0.9313
202202110714 144.0527 -3.5114
202202050416 71.126 36.4307
202202042025 99.4949 -48.033
202202021813 -175.9728 -27.9248
202202021026 -174.2706 -21.1035
202202020532 -176.3267 -27.7569
202202011925 128.3132 -7.483
202201270640 -176.3135 -19.0992
202201261636 170.1107 -63.5219
202201220517 -166.682 53.2402
202201201044 140.0375 -2.4732
202201140905 105.2887 -6.86
202201102003 179.8704 -25.0442
202201090205 152.6649 -7.2106
202201040318 -35.249 35.2813
202201030209 166.8148 -13.1864
202112301313 125.2498 -0.0798
202112291825 127.5773 -7.5482
202112271134 -173.8105 -21.4466
202112261859 26.9659 35.1923
202112261542 -179.352 -18.1104
202112251239 -173.49 -17.0419
202112222322 -107.0706 18.8369
202112212242 -153.2742 60.1237
202112191628 178.5777 -16.3139
202112182005 33.5085 -47.1259
202112172002 -178.5023 -17.9852
202112160426 128.6847 -7.0438
202112140831 122.3166 -7.6129
202112120858 154.1393 -60.7956
202112091352 152.2445 -5.0632
202112060419 -175.8951 -28.8418
202112060055 74.007 -27.7999
202112030840 -175.0029 -23.3794
202111260413 174.5159 -21.457
202111251204 166.5074 -10.7451
202111240553 175.2221 -16.9602
202111210512 -176.8479 -29.3368
202111201057 167.6088 -15.59
202111191932 169.8231 -20.489
202111181408 153.7074 -5.3122
202111150423 51.2613 -37.5124
202111131408 -176.1008 -14.7685
202111101746 134.1805 -4.3244
202111061437 124.2812 -0.0451
202111041636 165.2533 -48.2716
202111040242 129.3394 -2.9473
202111030319 -175.9406 -24.4793
202111021643 130.4969 -6.8798
202111011704 96.709 0.2081
202110311637 -158.7149 54.9056
202110291942 -176.1219 -29.3877
202110212158 174.9757 -39.02
202110210810 179.604 -25.316
202110191028 -175.6644 -21.1577
202110190532 28.3953 34.576
202110180726 167.0396 -13.69
202110150244 158.4642 -8.8783
202110141516 126.1559 1.2369
202110140551 167.4701 -15.0476
202110120924 26.2152 35.1691
202110112310 153.7509 48.2975
202110111234 126.2042 0.8073
202110110910 -156.581 56.2954
202110102148 -155.527166666667 18.8203333333333
202110092001 152.9931 -4.6376
202110091058 174.5221 -21.1889
202110072013 158.6067 -58.7606
202110062201 67.9948 30.1933
202110040634 -177.5029 -29.979
202110040239 49.7618 32.335
202110022043 67.2614 -9.1778
202109270617 25.2697 35.244
202109250521 23.5583 -53.4197
202109241152 -179.0153 51.0829
202109240702 -179.0224 51.1338
202109231647 -107.953 23.045
202109212315 146.3534 -37.492
202109201834 -174.2712 -20.9798
202109171028 167.4164 -13.4556
202109161751 -156.4993 55.071
202109090459 -176.3956 -19.2383
202109080147 -99.753 16.9465
202109070949 -176.0683 -19.3855
202109051751 -174.5918 -22.0113
202109050842 -109.2259 20.3395
202108310252 -177.3798 -29.9211
202108281227 140.0996 -3.5358
202108260214 121.5296 -0.8389
202108240537 154.9113 48.8647
202108181010 167.0585 -14.8818
202108171724 -177.0395 -23.0367
202108131846 -177.0281 -27.4662
202108120347 -177.89 -18.3626
202108082219 159.5461 -59.7858
202108041757 94.0775 8.7966
202108040555 172.6335 -20.5487
202108031023 179.8264 -25.4645
202108022248 100.1976 -3.2114
202108020501 133.958 -4.499
202108020127 -177.8049 -30.4588
202108010431 27.0112 36.3958
202107311539 -111.497 27.5909
202107300352 -156.9608 55.3344
202107261209 121.9083 -0.7679
202107260352 121.9049 -0.6732
202107251017 -176.6802 -29.7537
202107241251 -176.8643 -29.9271
202107232313 -175.6664 -26.6338
202107220224 166.9445 -14.8789
202107211426 146.7999 -3.2314
202107192030 146.6141 -3.2738
202107191522 146.9405 -3.2497
202107172131 -43.6856 28.4397
202107170323 -178.4064 -20.6001
202107100214 70.5612 38.9152
202107091331 123.6629 0.1413
202107081034 144.0643 -54.7639
202107070639 179.6689 -23.2892
202107050612 92.2034 -43.2854
202107040244 -106.3127 21.0719
202107031704 56.7673 14.2788
202107031158 92.1043 -43.4115
202107022014 -179.416 -21.8116
202106240224 128.2804 -5.9581
202106230539 171.6692 -22.734
202106212214 27.0416 36.4391
202106211114 -177.6249 -30.2353
202106201705 -177.8449 -30.2162
202106191159 173.101 -16.36
202106171341 -172.7772 -16.986
202106160443 129.5238 -3.558
202106140244 48.6009 12.8213
202106110223 124.2976 0.0519
202106081056 151.3165 -5.2457
202106062316 -176.3006 -27.671
202106061824 -177.4115 -15.8711
202106031009 126.2911 0.3165
202105310659 -148.2512 62.4492
202105252136 -174.8081 -17.5761
202105212213 -177.3725 -16.6009
202105211602 68.1035 -2.6482
202105211209 112.332 -8.4206
202105201705 44.2233 -41.0482
202105191608 85.7062 -41.2919
202105150158 170.1691 -21.8162
202105140633 96.6442 0.1364
202105131331 -177.5336 -15.9092
202105121405 66.3135 -17.3874
202105110921 -177.5437 -16.3585
202105072335 -177.5658 -18.7443
202105071521 144.2159 -54.4135
202105050124 99.7862 -1.9554
202105041951 -173.7392 -20.6989
202105021746 99.79 -2.3244
202104271633 -176.8483 -29.1216
202104270212 145.5346 -3.3809
202104262107 -176.6817 -29.1325
202104252228 -177.1526 -21.6097
202104241800 57.1131 13.7703
202104240023 -176.2702 -18.9036
202104192358 96.5601 0.1831
202104180641 50.6784 29.7531
202104141055 96.6432 0.1975
202104101138 145.7329 -3.444
202104100700 112.5054 -8.5707
202104081710 -148.5799 63.2011
202104071848 -176.4594 -28.8249
202104070953 -176.6124 -29.0489
202104070513 153.9685 -3.6629
202104060816 -176.9115 -29.4361
202104050737 179.6324 -37.46
202104012210 -177.4672 -30.0234
202104011511 -179.3796 -21.8006
202104010956 -177.6758 -29.961
202103282301 -28.8088 43.6963
202103271347 16.0496 42.4479
202103250357 178.4296 -26.0862
202103201542 171.6859 -23.1154
202103191852 178.673 -35.4845
202103182339 155.5841 -9.5605
202103180004 5.2014 36.9206
202103170004 69.1482 -1.7939
202103161838 163.1803 54.7368
202103132121 -176.6326 -28.1496
202103131405 -177.8541 -29.8599
202103121257 22.0875 39.8931
202103120854 174.3924 -22.392
202103102012 -177.6158 -20.156
202103072356 -176.8923 -29.5783
202103070756 -178.0058 -32.3938
202103060359 -176.8036 -29.9349
202103060016 179.5947 -37.5763
202103051424 -176.6099 -28.8983
202103031016 22.1757 39.7546
202102270213 -177.9389 -18.5472
202102261158 100.107 -47.2828
202102250851 100.0442 -47.4498
202102241005 -22.2851 63.949
202102200244 167.7845 -17.4718
202102190911 -179.2536 50.9446
202102181530 -176.7574 -14.8373
202102180637 168.0675 -18.9515
202102172249 171.7786 -23.1842
202102171221 167.6675 -17.4717
202102170336 22.019 38.4057
202102141501 171.7295 -23.2623
202102131533 149.3549 -7.2148
202102121701 73.5448 38.1357
202102121006 171.5408 -23.205
202102090255 151.7604 -5.204
202102080806 -179.3793 -30.277
202102070545 146.1444 -3.3226
202102041214 171.9621 -22.6054
202102022049 177.95 -16.282
202101291947 121.8641 -13.9672
202101240547 161.9647 -51.1903
202101231147 -179.468 -24.3796
202101230319 147.6412 -6.2986
202101221623 -179.3646 -33.1561
202101162002 70.6979 36.4494
202101152131 55.1967 26.9417
202101141828 118.8899 -2.9717
202101140635 118.894 -2.9809
202101121817 136.8876 -3.0604
202101110120 120.4325 -7.2529
202101100648 167.8826 -16.0347
202101090139 168.0121 -16.1498
202101080501 169.8821 -20.7367
202101080028 -178.744 -29.4295
202101062059 122.9487 0.0658
202101060620 -177.2713 -28.6357
202101031238 -179.793 51.2199
202012291119 16.2573 45.4244
202012290710 -126.9951 43.389
202012280432 99.9538 -47.5074
202012270637 39.2302 38.4563
202012211708 -177.4622 -16.3994
202012141935 0.742 72.2351
202012140157 179.8899 -23.9372
202012012052 154.7341 -61.9496
202011300459 -168.2605 52.7448
202011292356 -174.7733 -17.6793
202011290901 167.2454 -14.7607
202011252256 154.9182 -61.913
202011242202 67.5822 -8.9759
202011220518 174.4645 -16.7489
202011200319 140.6723 -53.9402
202011140256 67.435 30.3659
202011130912 160.0486 -53.1621
202011110048 -177.561 -19.7177
202011070927 -173.5276 -15.2458
202011030818 -177.464 -19.9889
202011010343 129.2407 -7.0719
202010302256 -3.2896 71.5432
202010281412 167.415 -14.4548
202010280413 -173.4156 53.2019
202010252343 -141.6486 -56.7013
202010251147 -173.424 -15.3631
202010230704 -179.9621 -25.634
202010220824 -176.6209 -20.826
202010210022 -172.3327 -19.3323
202010201343 -22.1508 64.0134
202010200407 -159.6399 54.2743
202010080735 146.1738 -6.0942
202010061011 -178.4717 -17.9962
202010060554 -159.8514 54.8508
202010011034 148.6656 -5.9961
202010010113 -174.1217 -19.5385
202009270412 -169.6828 51.8905
202009270035 -147.7196 -57.1978
202009261710 31.7404 -48.0249
202009192109 77.8874 -37.5237
202009181628 25.3034 35.0368
202009171701 -177.2594 -16.5183
202009171032 129.3659 -6.7598
202009160844 171.5856 -22.3056
202009120834 167.6792 -17.2562
202009120237 -178.0054 -17.8804
202009080045 129.7548 -4.8713
202009061455 -173.5713 -20.7035
202009060259 167.5321 -17.1562
202009010051 158.9837 58.7196
202008311724 70.1973 -4.0158
202008281547 177.1856 -36.8973
202008241714 -174.088 -15.2904
202008220039 100.9938 -4.0808
202008210409 123.4649 -6.71
202008180440 52.2739 -36.3626
202008162005 -171.088 51.2142
202008130640 -163.7134 53.4301
202008122240 65.9578 28.0443
202008121713 39.8126 -7.3327
202008081442 -161.1058 54.7143
202008062336 42.4486 -41.6794
202008051205 168.065 -16.0944
202008041631 166.6146 -12.5623
202008040937 38.698 38.1878
202008032116 161.4239 -61.4142
202008020929 148.9161 -3.0983
202008020301 173.4732 -20.8168
202007311002 152.7763 -8.8214
202007301916 -173.3356 -19.0784
202007290912 -160.3298 54.9443
202007280803 -161.2041 54.7905
202007271934 -160.3108 54.9365
202007222139 -159.344 55.2459
202007212056 -178.6325 -20.8045
202007181532 -172.694 -15.2553
202007180137 161.394 -10.4102
202007171832 94.9745 12.0979
202007171403 94.9362 11.8485
202007170250 147.7704 -7.836
202007142333 120.4556 -7.2022
202007062254 110.6893 -5.6023
202007051850 167.3834 -14.9002
202007050853 -160.4182 53.2962
202007040134 154.9027 -9.6799
202006252105 82.4158 35.5948
202006250608 70.7905 -26.1281
202006242220 167.4756 -44.6494
202006241740 -117.9751667 36.4468333
202006230743 123.7866 0.0368
202006221429 -178.1429 -33.7934
202006211907 -18.707 66.381
202006201926 -18.8934 66.2868
202006191007 -178.9159 -17.4265
202006170624 -174.979 -16.1358
202006161430 34.7204 27.3437
202006160130 72.2035 37.8342
202006150651 40.7479 39.4226
202006141424 40.7073 39.4229
202006120253 41.7836 -42.9925
202006100429 179.2275 -23.4568
202006090456 126.3437 -4.2241
202006072006 151.5995 -5.3441
202006061055 177.346 -16.7247
202006040132 -117.4281667 35.6148333
202006031554 116.9276 -7.0058
202006030931 -176.7113 -24.6746
202005312325 -176.6033 -23.9036
202005270709 167.8743 -17.5304
202005262252 167.7616 -17.0404
202005241953 174.9573 -40.3778
202005232302 66.6947 -14.8142
202005220846 -108.1275 22.4152
202005202343 20.2775 35.1594
202005182322 25.5173 34.1855
202005160315 168.0032 -16.0561
202005151103 -117.8497 38.1689
202005122241 166.6485 -12.0665
202005110106 129.9115 -6.0613
202005082045 76.5146 -29.4394
202005071121 154.741 -4.4643
202005061353 129.7852 -6.7761
202005021251 25.7101 34.1818
202004250253 154.2347 -6.5337
202004222231 -175.4957 -22.0797
202004171630 69.4374 -23.7004
202004152103 126.6767 1.1073
202004140106 -176.3478 -30.3889
202004120657 77.393 -36.9558
202004081002 -177.5486 -15.7188
202004051837 126.4381 1.395
202004040618 166.1783 54.8277
202004020213 125.7018 -7.9349
202003312352 -115.1175 44.4646
202003301754 66.1511 -13.7624
202003291819 169.485 -21.4233
202003271432 133.5831 0.1747
202003262136 139.1131 -2.9507
202003250249 157.6955 48.9638
202003232033 179.7207 -25.281
202003210049 20.6383 39.3567
202003181745 115.1378 -11.0521
202003181309 -112.0783333 40.751
202003171606 -172.1911 -16.0252
202003121250 -172.8712 -19.1046
202003101406 103.0187 -5.837
202003090259 -125.0936667 40.3916667
202003070543 167.85 -17.8921
202003061028 58.3242 -31.368
202003020031 -179.85 51.1069
202002280741 -172.9039 -18.9008
202002260733 131.1196 -7.4887
202002231600 44.3732 38.4958
202002230553 44.4168 38.4465
202002221946 -174.6574 -21.8248
202002201857 160.6757 53.7001
202002180729 22.6943 85.729
202002152300 131.4839 -3.3456
202002150939 179.9662 -15.6935
202002140559 -142.2857 -56.6552
202002090942 149.5164 -4.584
202002090604 152.1522 -5.4925
202002080636 129.9354 -2.8766
202002051812 113.0778 -6.0817
202002051217 158.7366 -54.597
202001311353 178.4003 -25.3656
202001302238 146.1673 -3.3797
202001301121 27.7814 35.1817
202001291349 161.2756 -10.418
202001281538 27.8918 35.2183
202001270502 161.0606 -10.0929
202001262233 -179.9464 51.0865
202001241755 39.0609 38.4312
202001240709 71.5082 39.1651
202001230553 -177.855 51.9836
202001221922 27.8389 39.0724
202001221104 161.4232 54.8754
202001220057 177.9519 -16.5518
202001191658 123.8025 -0.1042
202001191327 77.1084 39.8353
202001181638 139.3363 -2.8405
202001150755 124.0857 -10.3733
202001101521 -105.2328 18.4552
202001090838 171.0611 62.358
202001071911 151.2659 -5.2046
202001070605 96.3575 2.3481
202001021125 124.976 -5.7527
202001020429 60.2681 34.1326
