BD001 121.8337 31.0352
BD002 121.0433 30.7166
BD003 120.8602 30.6689
BD004 120.3432 30.6658
BD005 121.34 30.2826 
BD006 120.5401 30.2961
BD007 120.3925 31.0664
BD008 120.5168 31.5047
BD009 120.40676 31.7996
BD010 120.9917 30.1255
BD011 121.783 30.9653
BD012 121.581 30.9357
BD013 120.3787 30.9058
BD014 121.2237 31.5904
BD015 121.0338 31.5781
BD016 120.8844 31.5297
BD017 120.9114 31.7302
BD018 120.6961 31.8159
BD019 121.5445 31.676
BD020 121.4843 31.9339
BD021 121.8037 31.8942
BD022 121.8741 31.7168
BD023 121.6554 31.0242
BD024 121.4623 30.989
BD025 121.188 30.9107
BD026 120.63 30.73
BD027 121.7681 31.2054
BD028 121.6612 31.1232
BD029 121.4788 31.1249
BD030 120.9014 30.965
BD031 120.7203 30.913
BD032 121.702 31.2852
BD033 121.2471 31.1983
BD034 121.064 31.1686
BD035 120.7211 31.1025
BD036 121.8556 31.3428
BD037 121.7723 31.5637
BD038 121.3466 31.7066
BD039 121.3348 31.8176
BD040 120.6431 30.541
BD041 120.5134 29.9288
BD042 121.5206 31.3692
BD043 121.3799 31.3654
BD044 121.1397 31.334
BD045 120.9896 31.2954
BD046 120.8875 31.2661
BD047 120.7094 31.5413
BD048 120.7534 31.2387
BD049 121.0188 30.8351
BD050 121.5678 31.5626
BD051 121.1473 31.4411
BD052 121.3118 31.4601
BD053 121.32 30.7436
BD054 121.1179 30.6231
BD055 120.9077 30.5001
BD056 121.4119 30.8502
BD057 121.6677 30.8755
BD058 121.8869 30.9051
BD200 121.364 31.1523
BD201 120.377 30.4805
BD204 120.591 31.6665
BD205 119.347 31.8282
BD206 120.28  31.1466
BD207 119.596 30.5131
BD208 121.222 30.8182
BD209 120.895 31.3653
BD210 121.755 31.0472
BD219 121.436 31.2188
BD227 121.666 31.422
BD233 121.257 31.0525
BD251 121.266 31.9387
BD252 121.109 32.0083
BD254 121.027 31.867
BD255 120.558 31.9454
BD256 120.824 31.7283
BD259 121.079 31.6669
BD261 120.895 31.6015
BD268 119.811 29.917
BD271 120.728 32.0867
BD272 120.964 32.0966
BD273 121.1 32.0808
BD275 121.47 32.0809
BD276 119.984 31.6154
BD279 120.581 32.0601
BD281 119.786 30.2147
BD282 119.708 31.7398
BD283 119.717 30.7077
BD284 119.68 30.9795
BD287 119.373 30.814
BD288 120.082 30.5825
BD289 119.671 32.0762
BD291 119.708 31.3132
BD292 120.179 31.8285
BD293 122.048 30.1087
BD295 120.882 31.1047
BD298 119.979 32.067
BD299 122.365 30.4538
BD301 118.996 30.577
BD302 122.204 30.3135
BD303 119.334 30.5763
BD304 119.308 31.0597
BD305 119.381 30.2903
BD306 119.335 30.0001
